[03-Dec-2018 16:51:00] NOTICE: fpm is running, pid 16
[03-Dec-2018 16:51:00] NOTICE: ready to handle connections
[03-Dec-2018 19:55:49] NOTICE: Terminating ...
[03-Dec-2018 19:55:49] NOTICE: exiting, bye-bye!
[04-Dec-2018 18:43:47] NOTICE: fpm is running, pid 39
[04-Dec-2018 18:43:47] NOTICE: ready to handle connections
[04-Dec-2018 22:06:36] NOTICE: Terminating ...
[04-Dec-2018 22:06:36] NOTICE: exiting, bye-bye!
[04-Dec-2018 22:31:43] NOTICE: fpm is running, pid 56
[04-Dec-2018 22:31:43] NOTICE: ready to handle connections
[04-Dec-2018 22:32:17] NOTICE: Terminating ...
[04-Dec-2018 22:32:17] NOTICE: exiting, bye-bye!
[05-Dec-2018 08:31:32] NOTICE: fpm is running, pid 56
[05-Dec-2018 08:31:32] NOTICE: ready to handle connections
[05-Dec-2018 08:37:29] NOTICE: Terminating ...
[05-Dec-2018 08:37:29] NOTICE: exiting, bye-bye!
[05-Dec-2018 12:01:06] NOTICE: fpm is running, pid 55
[05-Dec-2018 12:01:06] NOTICE: ready to handle connections
[05-Dec-2018 12:54:33] NOTICE: Terminating ...
[05-Dec-2018 12:54:33] NOTICE: exiting, bye-bye!
[05-Dec-2018 13:35:55] NOTICE: fpm is running, pid 55
[05-Dec-2018 13:35:55] NOTICE: ready to handle connections
[05-Dec-2018 13:41:38] NOTICE: Terminating ...
[05-Dec-2018 13:41:38] NOTICE: exiting, bye-bye!
[08-Dec-2018 13:55:26] NOTICE: fpm is running, pid 57
[08-Dec-2018 13:55:26] NOTICE: ready to handle connections
[08-Dec-2018 14:12:31] NOTICE: Terminating ...
[08-Dec-2018 14:12:31] NOTICE: exiting, bye-bye!
[10-Dec-2018 11:41:28] NOTICE: fpm is running, pid 39
[10-Dec-2018 11:41:28] NOTICE: ready to handle connections
[10-Dec-2018 12:54:38] NOTICE: Terminating ...
[10-Dec-2018 12:54:38] NOTICE: exiting, bye-bye!
[11-Dec-2018 15:30:38] NOTICE: fpm is running, pid 54
[11-Dec-2018 15:30:38] NOTICE: ready to handle connections
[11-Dec-2018 18:01:23] NOTICE: Terminating ...
[11-Dec-2018 18:01:23] NOTICE: exiting, bye-bye!
[11-Dec-2018 21:26:46] NOTICE: fpm is running, pid 54
[11-Dec-2018 21:26:46] NOTICE: ready to handle connections
[11-Dec-2018 23:00:27] NOTICE: Terminating ...
[11-Dec-2018 23:00:27] NOTICE: exiting, bye-bye!
[12-Dec-2018 09:00:00] NOTICE: fpm is running, pid 39
[12-Dec-2018 09:00:00] NOTICE: ready to handle connections
[12-Dec-2018 09:06:45] NOTICE: Terminating ...
[12-Dec-2018 09:06:45] NOTICE: exiting, bye-bye!
[12-Dec-2018 09:58:00] NOTICE: fpm is running, pid 54
[12-Dec-2018 09:58:00] NOTICE: ready to handle connections
[12-Dec-2018 09:58:45] NOTICE: Terminating ...
[12-Dec-2018 09:58:45] NOTICE: exiting, bye-bye!
[12-Dec-2018 09:58:56] NOTICE: fpm is running, pid 54
[12-Dec-2018 09:58:56] NOTICE: ready to handle connections
[12-Dec-2018 10:43:44] NOTICE: Terminating ...
[12-Dec-2018 10:43:44] NOTICE: exiting, bye-bye!
[12-Dec-2018 10:44:03] NOTICE: fpm is running, pid 52
[12-Dec-2018 10:44:03] NOTICE: ready to handle connections
[12-Dec-2018 11:08:15] NOTICE: Terminating ...
[12-Dec-2018 11:08:15] NOTICE: exiting, bye-bye!
[12-Dec-2018 11:41:19] NOTICE: fpm is running, pid 56
[12-Dec-2018 11:41:19] NOTICE: ready to handle connections
[24-Mar-2019 18:02:42] NOTICE: fpm is running, pid 39
[24-Mar-2019 18:02:42] NOTICE: ready to handle connections
[28-Mar-2019 12:17:16] NOTICE: fpm is running, pid 39
[28-Mar-2019 12:17:16] NOTICE: ready to handle connections
[08-Apr-2019 14:33:33] NOTICE: fpm is running, pid 54
[08-Apr-2019 14:33:33] NOTICE: ready to handle connections
[11-Apr-2019 10:55:28] NOTICE: fpm is running, pid 42
[11-Apr-2019 10:55:28] NOTICE: ready to handle connections
